<?xml version="1.0" encoding="UTF-8"?>
<coverage generated="1717548994504" clover="3.2.0">
  <project timestamp="1717548994504" name="All files">
    <metrics statements="10" coveredstatements="10" conditionals="0" coveredconditionals="0" methods="6" coveredmethods="6" elements="16" coveredelements="16" complexity="0" loc="10" ncloc="10" packages="2" files="5" classes="5"/>
    <package name="data">
      <metrics statements="1" coveredstatements="1" conditionals="0" coveredconditionals="0" methods="0" coveredmethods="0"/>
      <file name="technologies.ts" path="C:\Users\HUMBERTO\OneDrive\Documentos\Humberto\Digital-House\Especializacion-Frontend-2-224ST\clases\paso-a-paso\Especializacion-Frontend-2-224ST\modulo-5\intro-testing\src\data\technologies.ts">
        <metrics statements="1" coveredstatements="1" conditionals="0" coveredconditionals="0" methods="0" coveredmethods="0"/>
        <line num="8" count="1" type="stmt"/>
      </file>
    </package>
    <package name="pruebas-base">
      <metrics statements="9" coveredstatements="9" conditionals="0" coveredconditionals="0" methods="6" coveredmethods="6"/>
      <file name="callBack.ts" path="C:\Users\HUMBERTO\OneDrive\Documentos\Humberto\Digital-House\Especializacion-Frontend-2-224ST\clases\paso-a-paso\Especializacion-Frontend-2-224ST\modulo-5\intro-testing\src\pruebas-base\callBack.ts">
        <metrics statements="4" coveredstatements="4" conditionals="0" coveredconditionals="0" methods="2" coveredmethods="2"/>
        <line num="1" count="1" type="stmt"/>
        <line num="2" count="1" type="stmt"/>
        <line num="5" count="1" type="stmt"/>
        <line num="6" count="1" type="stmt"/>
      </file>
      <file name="funciones.ts" path="C:\Users\HUMBERTO\OneDrive\Documentos\Humberto\Digital-House\Especializacion-Frontend-2-224ST\clases\paso-a-paso\Especializacion-Frontend-2-224ST\modulo-5\intro-testing\src\pruebas-base\funciones.ts">
        <metrics statements="2" coveredstatements="2" conditionals="0" coveredconditionals="0" methods="2" coveredmethods="2"/>
        <line num="3" count="1" type="stmt"/>
        <line num="4" count="21" type="stmt"/>
      </file>
      <file name="number.ts" path="C:\Users\HUMBERTO\OneDrive\Documentos\Humberto\Digital-House\Especializacion-Frontend-2-224ST\clases\paso-a-paso\Especializacion-Frontend-2-224ST\modulo-5\intro-testing\src\pruebas-base\number.ts">
        <metrics statements="1" coveredstatements="1" conditionals="0" coveredconditionals="0" methods="1" coveredmethods="1"/>
        <line num="1" count="1" type="stmt"/>
      </file>
      <file name="string.ts" path="C:\Users\HUMBERTO\OneDrive\Documentos\Humberto\Digital-House\Especializacion-Frontend-2-224ST\clases\paso-a-paso\Especializacion-Frontend-2-224ST\modulo-5\intro-testing\src\pruebas-base\string.ts">
        <metrics statements="2" coveredstatements="2" conditionals="0" coveredconditionals="0" methods="1" coveredmethods="1"/>
        <line num="1" count="1" type="stmt"/>
        <line num="2" count="1" type="stmt"/>
      </file>
    </package>
  </project>
</coverage>
