{"C:\\Users\\HUMBERTO\\OneDrive\\Documentos\\Humberto\\Digital-House\\Especializacion-Frontend-2-224ST\\clases\\paso-a-paso\\Especializacion-Frontend-2-224ST\\modulo-5\\intro-testing\\src\\data\\technologies.ts": {"path":"C:\\Users\\HUMBERTO\\OneDrive\\Documentos\\Humberto\\Digital-House\\Especializacion-Frontend-2-224ST\\clases\\paso-a-paso\\Especializacion-Frontend-2-224ST\\modulo-5\\intro-testing\\src\\data\\technologies.ts","statementMap":{"0":{"start":{"line":8,"column":42},"end":{"line":51,"column":1}}},"fnMap":{},"branchMap":{},"s":{"0":1},"f":{},"b":{},"_coverageSchema":"1a1c01bbd47fc00a2c39e90264f33305004495a9","hash":"d7b9236aa1179ed823a39a32d5489cd58f94a6b7"}
,"C:\\Users\\HUMBERTO\\OneDrive\\Documentos\\Humberto\\Digital-House\\Especializacion-Frontend-2-224ST\\clases\\paso-a-paso\\Especializacion-Frontend-2-224ST\\modulo-5\\intro-testing\\src\\pruebas-base\\callBack.ts": {"path":"C:\\Users\\HUMBERTO\\OneDrive\\Documentos\\Humberto\\Digital-House\\Especializacion-Frontend-2-224ST\\clases\\paso-a-paso\\Especializacion-Frontend-2-224ST\\modulo-5\\intro-testing\\src\\pruebas-base\\callBack.ts","statementMap":{"0":{"start":{"line":1,"column":29},"end":{"line":3,"column":1}},"1":{"start":{"line":2,"column":2},"end":{"line":2,"column":42}},"2":{"start":{"line":5,"column":31},"end":{"line":7,"column":1}},"3":{"start":{"line":6,"column":2},"end":{"line":6,"column":23}}},"fnMap":{"0":{"name":"(anonymous_0)","decl":{"start":{"line":1,"column":29},"end":{"line":1,"column":30}},"loc":{"start":{"line":1,"column":54},"end":{"line":3,"column":1}},"line":1},"1":{"name":"(anonymous_1)","decl":{"start":{"line":5,"column":31},"end":{"line":5,"column":32}},"loc":{"start":{"line":5,"column":91},"end":{"line":7,"column":1}},"line":5}},"branchMap":{},"s":{"0":1,"1":1,"2":1,"3":1},"f":{"0":1,"1":1},"b":{},"_coverageSchema":"1a1c01bbd47fc00a2c39e90264f33305004495a9","hash":"555d4f39b320d13a53e9bc46a70a1f427f04d904"}
,"C:\\Users\\HUMBERTO\\OneDrive\\Documentos\\Humberto\\Digital-House\\Especializacion-Frontend-2-224ST\\clases\\paso-a-paso\\Especializacion-Frontend-2-224ST\\modulo-5\\intro-testing\\src\\pruebas-base\\funciones.ts": {"path":"C:\\Users\\HUMBERTO\\OneDrive\\Documentos\\Humberto\\Digital-House\\Especializacion-Frontend-2-224ST\\clases\\paso-a-paso\\Especializacion-Frontend-2-224ST\\modulo-5\\intro-testing\\src\\pruebas-base\\funciones.ts","statementMap":{"0":{"start":{"line":3,"column":38},"end":{"line":5,"column":1}},"1":{"start":{"line":4,"column":2},"end":{"line":4,"column":61}},"2":{"start":{"line":4,"column":39},"end":{"line":4,"column":59}}},"fnMap":{"0":{"name":"(anonymous_0)","decl":{"start":{"line":3,"column":38},"end":{"line":3,"column":39}},"loc":{"start":{"line":3,"column":56},"end":{"line":5,"column":1}},"line":3},"1":{"name":"(anonymous_1)","decl":{"start":{"line":4,"column":29},"end":{"line":4,"column":30}},"loc":{"start":{"line":4,"column":39},"end":{"line":4,"column":59}},"line":4}},"branchMap":{},"s":{"0":1,"1":3,"2":21},"f":{"0":3,"1":21},"b":{},"_coverageSchema":"1a1c01bbd47fc00a2c39e90264f33305004495a9","hash":"95b492b3a138beb755b646f2cfbfb0f76480ee3e"}
,"C:\\Users\\HUMBERTO\\OneDrive\\Documentos\\Humberto\\Digital-House\\Especializacion-Frontend-2-224ST\\clases\\paso-a-paso\\Especializacion-Frontend-2-224ST\\modulo-5\\intro-testing\\src\\pruebas-base\\number.ts": {"path":"C:\\Users\\HUMBERTO\\OneDrive\\Documentos\\Humberto\\Digital-House\\Especializacion-Frontend-2-224ST\\clases\\paso-a-paso\\Especializacion-Frontend-2-224ST\\modulo-5\\intro-testing\\src\\pruebas-base\\number.ts","statementMap":{"0":{"start":{"line":1,"column":20},"end":{"line":1,"column":51}},"1":{"start":{"line":1,"column":46},"end":{"line":1,"column":51}}},"fnMap":{"0":{"name":"(anonymous_0)","decl":{"start":{"line":1,"column":20},"end":{"line":1,"column":21}},"loc":{"start":{"line":1,"column":46},"end":{"line":1,"column":51}},"line":1}},"branchMap":{},"s":{"0":1,"1":1},"f":{"0":1},"b":{},"_coverageSchema":"1a1c01bbd47fc00a2c39e90264f33305004495a9","hash":"aa82dd4f881abb51bc03bd469406093e3bae331f"}
,"C:\\Users\\HUMBERTO\\OneDrive\\Documentos\\Humberto\\Digital-House\\Especializacion-Frontend-2-224ST\\clases\\paso-a-paso\\Especializacion-Frontend-2-224ST\\modulo-5\\intro-testing\\src\\pruebas-base\\string.ts": {"path":"C:\\Users\\HUMBERTO\\OneDrive\\Documentos\\Humberto\\Digital-House\\Especializacion-Frontend-2-224ST\\clases\\paso-a-paso\\Especializacion-Frontend-2-224ST\\modulo-5\\intro-testing\\src\\pruebas-base\\string.ts","statementMap":{"0":{"start":{"line":1,"column":25},"end":{"line":3,"column":1}},"1":{"start":{"line":2,"column":4},"end":{"line":2,"column":28}}},"fnMap":{"0":{"name":"(anonymous_0)","decl":{"start":{"line":1,"column":25},"end":{"line":1,"column":26}},"loc":{"start":{"line":1,"column":45},"end":{"line":3,"column":1}},"line":1}},"branchMap":{},"s":{"0":1,"1":1},"f":{"0":1},"b":{},"_coverageSchema":"1a1c01bbd47fc00a2c39e90264f33305004495a9","hash":"a1c0b5fab34428e704824c1c279ae4f22042b6fa"}
}
